<?xml version="1.0" encoding="UTF-8"?>
<!-- Generated by org.testng.reporters.JUnitXMLReporter -->
<testsuite ignored="0" hostname="DESKTOP-SMK12DK" failures="1" tests="1" name="Command line test" time="10.421" errors="0" timestamp="2022-05-18T14:17:15 CDT">
  <testcase classname="TestRunner" name="testRun" time="4.669">
    <failure type="java.lang.NullPointerException">
      <![CDATA[java.lang.NullPointerException
at TestRunner.testRun(TestRunner.java:33)
at java.base/java.util.ArrayList.forEach(ArrayList.java:1541)
... Removed 36 stack frames]]>
    </failure>
  </testcase> <!-- testRun -->
</testsuite> <!-- Command line test -->
